  Pacman.cpp
D:\Visual Studio Community 2019\VC\Tools\MSVC\14.28.29333\include\vector(1750,1): warning C4251: 'std::vector<S2D::Input::Keys,std::allocator<S2D::Input::Keys>>::_Mypair': class 'std::_Compressed_pair<std::allocator<S2D::Input::Keys>,std::_Vector_val<std::_Simple_types<_Ty>>,true>' needs to have dll-interface to be used by clients of class 'std::vector<S2D::Input::Keys,std::allocator<S2D::Input::Keys>>'
          with
          [
              _Ty=S2D::Input::Keys
          ]
D:\Visual Studio Community 2019\VC\Tools\MSVC\14.28.29333\include\vector(1750): message : see declaration of 'std::_Compressed_pair<std::allocator<S2D::Input::Keys>,std::_Vector_val<std::_Simple_types<_Ty>>,true>'
          with
          [
              _Ty=S2D::Input::Keys
          ]
D:\Programming\FOGGS\Pacman\Pacman\S2D\Input.h(108): message : see reference to class template instantiation 'std::vector<S2D::Input::Keys,std::allocator<S2D::Input::Keys>>' being compiled
D:\Programming\FOGGS\Pacman\Pacman\Pacman.cpp(17,12): warning C4244: 'argument': conversion from 'time_t' to 'unsigned int', possible loss of data
D:\Programming\FOGGS\Pacman\Pacman\Pacman.cpp(41,20): warning C4018: '<': signed/unsigned mismatch
D:\Programming\FOGGS\Pacman\Pacman\Pacman.cpp(52,24): warning C4156: deletion of an array expression without using the array form of 'delete'; array form substituted
D:\Programming\FOGGS\Pacman\Pacman\Pacman.cpp(52,24): warning C4154: deletion of an array expression; conversion to pointer supplied
D:\Programming\FOGGS\Pacman\Pacman\Pacman.cpp(59,16): warning C4156: deletion of an array expression without using the array form of 'delete'; array form substituted
D:\Programming\FOGGS\Pacman\Pacman\Pacman.cpp(59,16): warning C4154: deletion of an array expression; conversion to pointer supplied
D:\Programming\FOGGS\Pacman\Pacman\Pacman.cpp(80,84): warning C4244: 'argument': conversion from 'int' to 'float', possible loss of data
D:\Programming\FOGGS\Pacman\Pacman\Pacman.cpp(80,45): warning C4244: 'argument': conversion from 'int' to 'float', possible loss of data
D:\Programming\FOGGS\Pacman\Pacman\Pacman.cpp(150,47): warning C4244: '=': conversion from 'int' to 'float', possible loss of data
D:\Programming\FOGGS\Pacman\Pacman\Pacman.cpp(151,55): warning C4244: '=': conversion from 'int' to 'float', possible loss of data
D:\Programming\FOGGS\Pacman\Pacman\Pacman.cpp(164,56): warning C4244: '=': conversion from 'int' to 'float', possible loss of data
D:\Programming\FOGGS\Pacman\Pacman\Pacman.cpp(165,55): warning C4244: '=': conversion from 'int' to 'float', possible loss of data
D:\Programming\FOGGS\Pacman\Pacman\Pacman.cpp(181,21): warning C4018: '<': signed/unsigned mismatch
D:\Programming\FOGGS\Pacman\Pacman\Pacman.cpp(198,32): warning C4244: '=': conversion from 'int' to 'float', possible loss of data
D:\Programming\FOGGS\Pacman\Pacman\Pacman.cpp(199,32): warning C4244: '=': conversion from 'int' to 'float', possible loss of data
D:\Programming\FOGGS\Pacman\Pacman\Pacman.cpp(246,29): warning C4244: '=': conversion from 'int' to 'float', possible loss of data
D:\Programming\FOGGS\Pacman\Pacman\Pacman.cpp(247,29): warning C4244: '=': conversion from 'int' to 'float', possible loss of data
D:\Programming\FOGGS\Pacman\Pacman\Pacman.cpp(272,28): warning C4244: '=': conversion from 'int' to 'float', possible loss of data
D:\Programming\FOGGS\Pacman\Pacman\Pacman.cpp(275,52): warning C4244: '=': conversion from 'int' to 'float', possible loss of data
D:\Programming\FOGGS\Pacman\Pacman\Pacman.cpp(278,28): warning C4244: '=': conversion from 'int' to 'float', possible loss of data
D:\Programming\FOGGS\Pacman\Pacman\Pacman.cpp(281,53): warning C4244: '=': conversion from 'int' to 'float', possible loss of data
D:\Programming\FOGGS\Pacman\Pacman\Pacman.cpp(312,70): warning C4244: '=': conversion from 'int' to 'float', possible loss of data
D:\Programming\FOGGS\Pacman\Pacman\Pacman.cpp(313,78): warning C4244: '=': conversion from 'int' to 'float', possible loss of data
D:\Programming\FOGGS\Pacman\Pacman\Pacman.cpp(322,14): warning C4244: 'initializing': conversion from 'float' to 'int', possible loss of data
D:\Programming\FOGGS\Pacman\Pacman\Pacman.cpp(324,12): warning C4244: 'initializing': conversion from 'float' to 'int', possible loss of data
D:\Programming\FOGGS\Pacman\Pacman\Pacman.cpp(326,13): warning C4244: 'initializing': conversion from 'float' to 'int', possible loss of data
D:\Programming\FOGGS\Pacman\Pacman\Pacman.cpp(328,11): warning C4244: 'initializing': conversion from 'float' to 'int', possible loss of data
D:\Programming\FOGGS\Pacman\Pacman\Pacman.cpp(331,37): warning C4244: '=': conversion from 'float' to 'int', possible loss of data
D:\Programming\FOGGS\Pacman\Pacman\Pacman.cpp(332,31): warning C4244: '=': conversion from 'float' to 'int', possible loss of data
D:\Programming\FOGGS\Pacman\Pacman\Pacman.cpp(333,36): warning C4244: '=': conversion from 'float' to 'int', possible loss of data
D:\Programming\FOGGS\Pacman\Pacman\Pacman.cpp(334,30): warning C4244: '=': conversion from 'float' to 'int', possible loss of data
D:\Programming\FOGGS\Pacman\Pacman\Pacman.cpp(357,14): warning C4244: 'initializing': conversion from 'float' to 'int', possible loss of data
D:\Programming\FOGGS\Pacman\Pacman\Pacman.cpp(359,12): warning C4244: 'initializing': conversion from 'float' to 'int', possible loss of data
D:\Programming\FOGGS\Pacman\Pacman\Pacman.cpp(361,13): warning C4244: 'initializing': conversion from 'float' to 'int', possible loss of data
D:\Programming\FOGGS\Pacman\Pacman\Pacman.cpp(363,11): warning C4244: 'initializing': conversion from 'float' to 'int', possible loss of data
D:\Programming\FOGGS\Pacman\Pacman\Pacman.cpp(365,16): warning C4018: '<': signed/unsigned mismatch
D:\Programming\FOGGS\Pacman\Pacman\Pacman.cpp(366,44): warning C4244: '=': conversion from 'float' to 'int', possible loss of data
D:\Programming\FOGGS\Pacman\Pacman\Pacman.cpp(367,38): warning C4244: '=': conversion from 'float' to 'int', possible loss of data
D:\Programming\FOGGS\Pacman\Pacman\Pacman.cpp(368,43): warning C4244: '=': conversion from 'float' to 'int', possible loss of data
D:\Programming\FOGGS\Pacman\Pacman\Pacman.cpp(369,37): warning C4244: '=': conversion from 'float' to 'int', possible loss of data
D:\Programming\FOGGS\Pacman\Pacman\Pacman.cpp(373,28): warning C4244: '=': conversion from 'int' to 'float', possible loss of data
D:\Programming\FOGGS\Pacman\Pacman\Pacman.cpp(377,33): warning C4244: '=': conversion from 'int' to 'float', possible loss of data
D:\Programming\FOGGS\Pacman\Pacman\Pacman.cpp(381,32): warning C4244: '=': conversion from 'int' to 'float', possible loss of data
D:\Programming\FOGGS\Pacman\Pacman\Pacman.cpp(385,28): warning C4244: '=': conversion from 'int' to 'float', possible loss of data
D:\Programming\FOGGS\Pacman\Pacman\Pacman.cpp(622,50): warning C4244: 'argument': conversion from 'int' to 'float', possible loss of data
D:\Programming\FOGGS\Pacman\Pacman\Pacman.cpp(622,35): warning C4244: 'argument': conversion from 'int' to 'float', possible loss of data
D:\Programming\FOGGS\Pacman\Pacman\Pacman.cpp(630,57): warning C4244: 'argument': conversion from 'int' to 'float', possible loss of data
D:\Programming\FOGGS\Pacman\Pacman\Pacman.cpp(630,35): warning C4244: 'argument': conversion from 'int' to 'float', possible loss of data
D:\Programming\FOGGS\Pacman\Pacman\Pacman.cpp(638,46): warning C4244: 'argument': conversion from 'int' to 'float', possible loss of data
D:\Programming\FOGGS\Pacman\Pacman\Pacman.cpp(638,38): warning C4244: 'argument': conversion from 'int' to 'float', possible loss of data
D:\Programming\FOGGS\Pacman\Pacman\Pacman.cpp(644,59): warning C4244: 'argument': conversion from 'int' to 'float', possible loss of data
D:\Programming\FOGGS\Pacman\Pacman\Pacman.cpp(644,44): warning C4244: 'argument': conversion from 'int' to 'float', possible loss of data
  Pacman.vcxproj -> D:\Programming\FOGGS\Pacman\Debug\Pacman.exe
